D:\work\anaconda\envs\building\python.exe D:\project\STT\pythonProject\buildingEnergy\train\3use_trainpkl_lstm.py
D:\project\STT\pythonProject\buildingEnergy\train\3use_trainpkl_lstm.py:57: UserWarning: Creating a tensor from a list of numpy.ndarrays is extremely slow. Please consider converting the list to a single numpy.ndarray with numpy.array() before converting to a tensor. (Triggered internally at  C:\actions-runner\_work\pytorch\pytorch\builder\windows\pytorch\torch\csrc\utils\tensor_new.cpp:204.)
  return torch.tensor(sequences), torch.tensor(labels)
Epoch [1/20], Loss: 0.0799, Val Loss: 0.0473
Epoch [2/20], Loss: 0.0247, Val Loss: 0.0287
Epoch [3/20], Loss: 0.0195, Val Loss: 0.0279
Epoch [4/20], Loss: 0.0179, Val Loss: 0.0279
Epoch [5/20], Loss: 0.0168, Val Loss: 0.0303
Epoch [6/20], Loss: 0.0157, Val Loss: 0.0303
Epoch [7/20], Loss: 0.0147, Val Loss: 0.0301
Epoch [8/20], Loss: 0.0140, Val Loss: 0.0294
Epoch [9/20], Loss: 0.0133, Val Loss: 0.0291
Epoch [10/20], Loss: 0.0128, Val Loss: 0.0293
Epoch [11/20], Loss: 0.0123, Val Loss: 0.0294
Epoch [12/20], Loss: 0.0119, Val Loss: 0.0300
Epoch [13/20], Loss: 0.0115, Val Loss: 0.0306
Epoch [14/20], Loss: 0.0111, Val Loss: 0.0304
Epoch [15/20], Loss: 0.0109, Val Loss: 0.0296
Epoch [16/20], Loss: 0.0104, Val Loss: 0.0295
Epoch [17/20], Loss: 0.0103, Val Loss: 0.0303
Epoch [18/20], Loss: 0.0099, Val Loss: 0.0306
Epoch [19/20], Loss: 0.0097, Val Loss: 0.0304
Epoch [20/20], Loss: 0.0095, Val Loss: 0.0298
MSE: 0.0298, RMSE: 0.1725

Process finished with exit code 0
